2016/06/18 13:31:14 [/eccube-okada/html/okadakanri/index.php] access error. from ::1
2016/06/18 13:31:14 [/eccube-okada/html/okadakanri/index.php] login: user=okada(2) auth=0 lastlogin= sid= from ::1
2016/06/18 13:31:14 [/eccube-okada/html/okadakanri/home.php] access : user=okada auth=0 sid=4lvt2066dks42a2mpohgvt2n34 from ::1
2016/06/18 13:31:38 [/eccube-okada/html/okadakanri/home.php] access : user=okada auth=0 sid=4lvt2066dks42a2mpohgvt2n34 from ::1
2016/06/18 13:52:58 [/eccube-okada/html/okadakanri/index.php] access : user=okada auth=0 sid=90k9f49ornj5i65fqung1c16b0 from ::1
2016/06/18 13:52:58 [/eccube-okada/html/okadakanri/index.php] login: user=okada(2) auth=0 lastlogin=2016-06-18 13:31:14 sid=90k9f49ornj5i65fqung1c16b0 from ::1
2016/06/18 13:52:58 [/eccube-okada/html/okadakanri/home.php] access : user=okada auth=0 sid=90k9f49ornj5i65fqung1c16b0 from ::1
2016/06/18 13:53:10 [/eccube-okada/html/okadakanri/system/masterdata.php] access : user=okada auth=0 sid=90k9f49ornj5i65fqung1c16b0 from ::1
2016/06/18 13:53:57 [/eccube-okada/html/okadakanri/system/masterdata.php] access : user=okada auth=0 sid=90k9f49ornj5i65fqung1c16b0 from ::1
2016/06/18 13:56:30 [/eccube-okada/html/okadakanri/system/masterdata.php] access : user=okada auth=0 sid=90k9f49ornj5i65fqung1c16b0 from ::1
2016/06/18 13:57:20 [/eccube-okada/html/okadakanri/system/masterdata.php] access : user=okada auth=0 sid=90k9f49ornj5i65fqung1c16b0 from ::1
2016/06/18 13:57:51 [/eccube-okada/html/okadakanri/system/masterdata.php] access : user=okada auth=0 sid=90k9f49ornj5i65fqung1c16b0 from ::1
2016/06/18 13:58:20 [/eccube-okada/html/okadakanri/basis/mail.php] access : user=okada auth=0 sid=90k9f49ornj5i65fqung1c16b0 from ::1
2016/06/18 13:58:33 [/eccube-okada/html/okadakanri/basis/mail.php] access : user=okada auth=0 sid=90k9f49ornj5i65fqung1c16b0 from ::1
2016/06/18 13:59:54 [/eccube-okada/html/okadakanri/basis/mail.php] access : user=okada auth=0 sid=90k9f49ornj5i65fqung1c16b0 from ::1
2016/06/18 14:00:01 [/eccube-okada/html/okadakanri/basis/mail.php] access : user=okada auth=0 sid=90k9f49ornj5i65fqung1c16b0 from ::1
2016/06/18 14:03:07 [/eccube-okada/html/okadakanri/system/masterdata.php] access : user=okada auth=0 sid=90k9f49ornj5i65fqung1c16b0 from ::1
2016/06/18 14:03:12 [/eccube-okada/html/okadakanri/system/masterdata.php] access : user=okada auth=0 sid=90k9f49ornj5i65fqung1c16b0 from ::1
2016/06/18 14:03:20 [/eccube-okada/html/okadakanri/system/masterdata.php] access : user=okada auth=0 sid=90k9f49ornj5i65fqung1c16b0 from ::1
2016/06/18 14:03:28 [/eccube-okada/html/okadakanri/basis/mail.php] access : user=okada auth=0 sid=90k9f49ornj5i65fqung1c16b0 from ::1
2016/06/18 14:03:30 [/eccube-okada/html/okadakanri/basis/mail.php] access : user=okada auth=0 sid=90k9f49ornj5i65fqung1c16b0 from ::1
2016/06/18 14:03:39 [/eccube-okada/html/okadakanri/basis/mail.php] access : user=okada auth=0 sid=90k9f49ornj5i65fqung1c16b0 from ::1
2016/06/18 14:10:01 [/eccube-okada/html/okadakanri/system/masterdata.php] access : user=okada auth=0 sid=90k9f49ornj5i65fqung1c16b0 from ::1
2016/06/18 14:10:10 [/eccube-okada/html/okadakanri/system/masterdata.php] access : user=okada auth=0 sid=90k9f49ornj5i65fqung1c16b0 from ::1
2016/06/18 14:10:34 [/eccube-okada/html/okadakanri/system/masterdata.php] access : user=okada auth=0 sid=90k9f49ornj5i65fqung1c16b0 from ::1
2016/06/18 14:10:39 [/eccube-okada/html/okadakanri/system/masterdata.php] access : user=okada auth=0 sid=90k9f49ornj5i65fqung1c16b0 from ::1
2016/06/18 14:10:44 [/eccube-okada/html/okadakanri/basis/mail.php] access : user=okada auth=0 sid=90k9f49ornj5i65fqung1c16b0 from ::1
2016/06/18 14:10:46 [/eccube-okada/html/okadakanri/basis/mail.php] access : user=okada auth=0 sid=90k9f49ornj5i65fqung1c16b0 from ::1
2016/06/18 14:10:51 [/eccube-okada/html/okadakanri/basis/mail.php] access : user=okada auth=0 sid=90k9f49ornj5i65fqung1c16b0 from ::1
2016/06/18 14:13:21 [/eccube-okada/html/okadakanri/home.php] access : user=okada auth=0 sid=90k9f49ornj5i65fqung1c16b0 from ::1
2016/06/18 14:15:33 [/eccube-okada/html/okadakanri/system/adminarea.php] access : user=okada auth=0 sid=90k9f49ornj5i65fqung1c16b0 from ::1
2016/06/18 14:15:39 [/eccube-okada/html/okadakanri/system/adminarea.php] access : user=okada auth=0 sid=90k9f49ornj5i65fqung1c16b0 from ::1
2016/06/18 14:15:44 [/eccube-okada/html/okadakanri/basis/mail.php] access : user=okada auth=0 sid=90k9f49ornj5i65fqung1c16b0 from ::1
2016/06/18 14:15:50 [/eccube-okada/html/okadakanri/system/system.php] access : user=okada auth=0 sid=90k9f49ornj5i65fqung1c16b0 from ::1
2016/06/18 14:15:50 [/eccube-okada/html/okadakanri/system/system.php] access : user=okada auth=0 sid=90k9f49ornj5i65fqung1c16b0 from ::1
2016/06/18 14:16:08 [/eccube-okada/html/okadakanri/system/masterdata.php] access : user=okada auth=0 sid=90k9f49ornj5i65fqung1c16b0 from ::1
2016/06/18 14:16:18 [/eccube-okada/html/okadakanri/system/masterdata.php] access : user=okada auth=0 sid=90k9f49ornj5i65fqung1c16b0 from ::1
2016/06/18 14:16:32 [/eccube-okada/html/okadakanri/system/masterdata.php] access : user=okada auth=0 sid=90k9f49ornj5i65fqung1c16b0 from ::1
2016/06/18 14:20:57 [/eccube-okada/html/okadakanri/system/index.php] access : user=okada auth=0 sid=90k9f49ornj5i65fqung1c16b0 from ::1
2016/06/18 14:21:02 [/eccube-okada/html/okadakanri/system/input.php] access : user=okada auth=0 sid=90k9f49ornj5i65fqung1c16b0 from ::1
2016/06/18 14:21:45 [/eccube-okada/html/okadakanri/system/input.php] access : user=okada auth=0 sid=90k9f49ornj5i65fqung1c16b0 from ::1
2016/06/18 14:21:46 [/eccube-okada/html/okadakanri/system/index.php] access : user=okada auth=0 sid=90k9f49ornj5i65fqung1c16b0 from ::1
2016/06/18 14:21:53 [/eccube-okada/html/okadakanri/index.php] access error. from ::1
2016/06/18 14:21:53 [/eccube-okada/html/okadakanri/index.php] login: user=kkanda(3) auth=0 lastlogin= sid= from ::1
2016/06/18 14:21:53 [/eccube-okada/html/okadakanri/home.php] access : user=kkanda auth=0 sid=ebb2gai5hkasuu5q7lamsigb64 from ::1
2016/06/18 14:22:16 [/eccube-okada/html/okadakanri/order/index.php] access : user=kkanda auth=0 sid=ebb2gai5hkasuu5q7lamsigb64 from ::1
2016/06/18 14:22:20 [/eccube-okada/html/okadakanri/order/status.php] access : user=kkanda auth=0 sid=ebb2gai5hkasuu5q7lamsigb64 from ::1
2016/06/18 14:22:23 [/eccube-okada/html/okadakanri/order/edit.php] access : user=kkanda auth=0 sid=ebb2gai5hkasuu5q7lamsigb64 from ::1
2016/06/18 14:23:10 [/eccube-okada/html/okadakanri/order/product_select.php] access : user=kkanda auth=0 sid=ebb2gai5hkasuu5q7lamsigb64 from ::1
2016/06/18 14:23:23 [/eccube-okada/html/okadakanri/order/product_select.php] access : user=kkanda auth=0 sid=ebb2gai5hkasuu5q7lamsigb64 from ::1
2016/06/18 14:23:27 [/eccube-okada/html/okadakanri/order/product_select.php] access : user=kkanda auth=0 sid=ebb2gai5hkasuu5q7lamsigb64 from ::1
2016/06/18 14:23:31 [/eccube-okada/html/okadakanri/order/product_select.php] access : user=kkanda auth=0 sid=ebb2gai5hkasuu5q7lamsigb64 from ::1
2016/06/18 14:23:41 [/eccube-okada/html/okadakanri/order/edit.php] access : user=kkanda auth=0 sid=ebb2gai5hkasuu5q7lamsigb64 from ::1
2016/06/18 14:24:11 [/eccube-okada/html/okadakanri/order/edit.php] access : user=kkanda auth=0 sid=ebb2gai5hkasuu5q7lamsigb64 from ::1
2016/06/18 14:24:15 [/eccube-okada/html/okadakanri/order/edit.php] access : user=kkanda auth=0 sid=ebb2gai5hkasuu5q7lamsigb64 from ::1
2016/06/18 14:24:19 [/eccube-okada/html/okadakanri/order/edit.php] access : user=kkanda auth=0 sid=ebb2gai5hkasuu5q7lamsigb64 from ::1
2016/06/18 14:24:28 [/eccube-okada/html/okadakanri/order/status.php] access : user=kkanda auth=0 sid=ebb2gai5hkasuu5q7lamsigb64 from ::1
2016/06/18 14:24:30 [/eccube-okada/html/okadakanri/order/status.php] access : user=kkanda auth=0 sid=ebb2gai5hkasuu5q7lamsigb64 from ::1
2016/06/18 14:24:42 [/eccube-okada/html/okadakanri/order/status.php] access : user=kkanda auth=0 sid=ebb2gai5hkasuu5q7lamsigb64 from ::1
2016/06/18 14:24:44 [/eccube-okada/html/okadakanri/order/status.php] access : user=kkanda auth=0 sid=ebb2gai5hkasuu5q7lamsigb64 from ::1
2016/06/18 14:24:46 [/eccube-okada/html/okadakanri/order/index.php] access : user=kkanda auth=0 sid=ebb2gai5hkasuu5q7lamsigb64 from ::1
2016/06/18 14:24:48 [/eccube-okada/html/okadakanri/order/index.php] access : user=kkanda auth=0 sid=ebb2gai5hkasuu5q7lamsigb64 from ::1
2016/06/18 14:24:57 [/eccube-okada/html/okadakanri/order/mail.php] access : user=kkanda auth=0 sid=ebb2gai5hkasuu5q7lamsigb64 from ::1
2016/06/18 14:25:00 [/eccube-okada/html/okadakanri/order/mail.php] access : user=kkanda auth=0 sid=ebb2gai5hkasuu5q7lamsigb64 from ::1
2016/06/18 14:25:04 [/eccube-okada/html/okadakanri/order/mail.php] access : user=kkanda auth=0 sid=ebb2gai5hkasuu5q7lamsigb64 from ::1
2016/06/18 14:25:07 [/eccube-okada/html/okadakanri/order/mail.php] access : user=kkanda auth=0 sid=ebb2gai5hkasuu5q7lamsigb64 from ::1
2016/06/18 14:25:08 [/eccube-okada/html/okadakanri/order/index.php] access : user=kkanda auth=0 sid=ebb2gai5hkasuu5q7lamsigb64 from ::1
2016/06/18 14:25:35 [/eccube-okada/html/okadakanri/system/adminarea.php] access : user=kkanda auth=0 sid=ebb2gai5hkasuu5q7lamsigb64 from ::1
2016/06/18 14:25:39 [/eccube-okada/html/okadakanri/system/parameter.php] access : user=kkanda auth=0 sid=ebb2gai5hkasuu5q7lamsigb64 from ::1
2016/06/18 14:26:06 [/eccube-okada/html/okadakanri/system/system.php] access : user=kkanda auth=0 sid=ebb2gai5hkasuu5q7lamsigb64 from ::1
2016/06/18 14:26:06 [/eccube-okada/html/okadakanri/system/system.php] access : user=kkanda auth=0 sid=ebb2gai5hkasuu5q7lamsigb64 from ::1
2016/06/18 14:26:08 [/eccube-okada/html/okadakanri/system/parameter.php] access : user=kkanda auth=0 sid=ebb2gai5hkasuu5q7lamsigb64 from ::1
2016/06/18 14:26:12 [/eccube-okada/html/okadakanri/system/bkup.php] access : user=kkanda auth=0 sid=ebb2gai5hkasuu5q7lamsigb64 from ::1
2016/06/18 14:26:14 [/eccube-okada/html/okadakanri/system/index.php] access : user=kkanda auth=0 sid=ebb2gai5hkasuu5q7lamsigb64 from ::1
2016/06/18 14:26:26 [/eccube-okada/html/okadakanri/mail/index.php] access : user=kkanda auth=0 sid=ebb2gai5hkasuu5q7lamsigb64 from ::1
2016/06/18 14:26:40 [/eccube-okada/html/okadakanri/order/status.php] access : user=kkanda auth=0 sid=ebb2gai5hkasuu5q7lamsigb64 from ::1
2016/06/18 14:26:46 [/eccube-okada/html/okadakanri/customer/index.php] access : user=kkanda auth=0 sid=ebb2gai5hkasuu5q7lamsigb64 from ::1
2016/06/18 14:26:48 [/eccube-okada/html/okadakanri/customer/index.php] access : user=kkanda auth=0 sid=ebb2gai5hkasuu5q7lamsigb64 from ::1
2016/06/18 14:26:53 [/eccube-okada/html/okadakanri/products/index.php] access : user=kkanda auth=0 sid=ebb2gai5hkasuu5q7lamsigb64 from ::1
2016/06/18 14:27:03 [/eccube-okada/html/okadakanri/basis/mail.php] access : user=kkanda auth=0 sid=ebb2gai5hkasuu5q7lamsigb64 from ::1
2016/06/18 14:27:17 [/eccube-okada/html/okadakanri/system/adminarea.php] access : user=kkanda auth=0 sid=ebb2gai5hkasuu5q7lamsigb64 from ::1
2016/06/18 14:27:21 [/eccube-okada/html/okadakanri/system/bkup.php] access : user=kkanda auth=0 sid=ebb2gai5hkasuu5q7lamsigb64 from ::1
2016/06/18 14:27:44 [/eccube-okada/html/okadakanri/order/edit.php] access : user=kkanda auth=0 sid=ebb2gai5hkasuu5q7lamsigb64 from ::1
2016/06/18 14:27:48 [/eccube-okada/html/okadakanri/order/index.php] access : user=kkanda auth=0 sid=ebb2gai5hkasuu5q7lamsigb64 from ::1
2016/06/18 14:27:49 [/eccube-okada/html/okadakanri/order/index.php] access : user=kkanda auth=0 sid=ebb2gai5hkasuu5q7lamsigb64 from ::1
2016/06/18 14:27:55 [/eccube-okada/html/okadakanri/order/edit.php] access : user=kkanda auth=0 sid=ebb2gai5hkasuu5q7lamsigb64 from ::1
2016/06/18 14:29:07 [/eccube-okada/html/okadakanri/basis/index.php] access : user=kkanda auth=0 sid=ebb2gai5hkasuu5q7lamsigb64 from ::1
2016/06/18 14:29:34 [/eccube-okada/html/okadakanri/basis/index.php] access : user=kkanda auth=0 sid=ebb2gai5hkasuu5q7lamsigb64 from ::1
2016/06/18 14:31:08 [/eccube-okada/html/okadakanri/basis/index.php] access : user=kkanda auth=0 sid=ebb2gai5hkasuu5q7lamsigb64 from ::1
2016/06/18 14:31:10 [/eccube-okada/html/okadakanri/basis/index.php] access : user=kkanda auth=0 sid=ebb2gai5hkasuu5q7lamsigb64 from ::1
2016/06/18 14:31:10 [/eccube-okada/html/okadakanri/basis/index.php] dtb_baseinfo に UPDATE を実行しました。 from ::1
2016/06/18 14:31:14 [/eccube-okada/html/okadakanri/basis/mail.php] access : user=kkanda auth=0 sid=ebb2gai5hkasuu5q7lamsigb64 from ::1
2016/06/18 14:31:21 [/eccube-okada/html/okadakanri/basis/zip_install.php] access : user=kkanda auth=0 sid=ebb2gai5hkasuu5q7lamsigb64 from ::1
2016/06/18 14:31:29 [/eccube-okada/html/okadakanri/basis/zip_install.php] access : user=kkanda auth=0 sid=ebb2gai5hkasuu5q7lamsigb64 from ::1
2016/06/18 14:31:30 [/eccube-okada/html/okadakanri/basis/zip_install.php] access : user=kkanda auth=0 sid=ebb2gai5hkasuu5q7lamsigb64 from ::1
2016/06/18 14:33:37 [/eccube-okada/html/okadakanri/basis/zip_install.php] access : user=kkanda auth=0 sid=ebb2gai5hkasuu5q7lamsigb64 from ::1
2016/06/18 14:33:47 [/eccube-okada/html/okadakanri/basis/zip_install.php] access : user=kkanda auth=0 sid=ebb2gai5hkasuu5q7lamsigb64 from ::1
2016/06/18 14:38:45 [/eccube-okada/html/okadakanri/basis/index.php] access : user=kkanda auth=0 sid=ebb2gai5hkasuu5q7lamsigb64 from ::1
2016/06/18 14:38:50 [/eccube-okada/html/okadakanri/system/system.php] access : user=kkanda auth=0 sid=ebb2gai5hkasuu5q7lamsigb64 from ::1
2016/06/18 14:38:50 [/eccube-okada/html/okadakanri/system/system.php] access : user=kkanda auth=0 sid=ebb2gai5hkasuu5q7lamsigb64 from ::1
2016/06/18 14:38:54 [/eccube-okada/html/okadakanri/system/parameter.php] access : user=kkanda auth=0 sid=ebb2gai5hkasuu5q7lamsigb64 from ::1
2016/06/18 14:44:24 [/eccube-okada/html/okadakanri/order/index.php] access : user=okada auth=0 sid=90k9f49ornj5i65fqung1c16b0 from ::1
2016/06/18 14:44:28 [/eccube-okada/html/okadakanri/order/index.php] access : user=okada auth=0 sid=90k9f49ornj5i65fqung1c16b0 from ::1
2016/06/18 14:44:44 [/eccube-okada/html/okadakanri/order/mail.php] access : user=okada auth=0 sid=90k9f49ornj5i65fqung1c16b0 from ::1
2016/06/18 14:44:47 [/eccube-okada/html/okadakanri/order/mail.php] access : user=okada auth=0 sid=90k9f49ornj5i65fqung1c16b0 from ::1
2016/06/18 14:44:52 [/eccube-okada/html/okadakanri/order/mail.php] access : user=okada auth=0 sid=90k9f49ornj5i65fqung1c16b0 from ::1
2016/06/18 14:44:56 [/eccube-okada/html/okadakanri/order/mail.php] access : user=okada auth=0 sid=90k9f49ornj5i65fqung1c16b0 from ::1
2016/06/18 14:44:57 [/eccube-okada/html/okadakanri/order/index.php] access : user=okada auth=0 sid=90k9f49ornj5i65fqung1c16b0 from ::1
2016/06/18 14:45:04 [/eccube-okada/html/okadakanri/order/index.php] access : user=okada auth=0 sid=90k9f49ornj5i65fqung1c16b0 from ::1
2016/06/18 14:47:23 [/eccube-okada/html/okadakanri/order/mail.php] access : user=okada auth=0 sid=90k9f49ornj5i65fqung1c16b0 from ::1
2016/06/18 14:47:26 [/eccube-okada/html/okadakanri/order/mail.php] access : user=okada auth=0 sid=90k9f49ornj5i65fqung1c16b0 from ::1
2016/06/18 14:47:35 [/eccube-okada/html/okadakanri/order/mail.php] access : user=okada auth=0 sid=90k9f49ornj5i65fqung1c16b0 from ::1
2016/06/18 14:47:58 [/eccube-okada/html/okadakanri/order/mail.php] access : user=okada auth=0 sid=90k9f49ornj5i65fqung1c16b0 from ::1
2016/06/18 14:47:59 [/eccube-okada/html/okadakanri/order/index.php] access : user=okada auth=0 sid=90k9f49ornj5i65fqung1c16b0 from ::1
2016/06/18 14:48:04 [/eccube-okada/html/okadakanri/order/index.php] access : user=okada auth=0 sid=90k9f49ornj5i65fqung1c16b0 from ::1
2016/06/18 14:49:47 [/eccube-okada/html/okadakanri/order/index.php] access : user=kkanda auth=0 sid=ebb2gai5hkasuu5q7lamsigb64 from ::1
2016/06/18 14:49:49 [/eccube-okada/html/okadakanri/order/index.php] access : user=kkanda auth=0 sid=ebb2gai5hkasuu5q7lamsigb64 from ::1
2016/06/18 14:49:51 [/eccube-okada/html/okadakanri/order/mail.php] access : user=kkanda auth=0 sid=ebb2gai5hkasuu5q7lamsigb64 from ::1
2016/06/18 14:49:53 [/eccube-okada/html/okadakanri/order/mail.php] access : user=kkanda auth=0 sid=ebb2gai5hkasuu5q7lamsigb64 from ::1
2016/06/18 14:49:56 [/eccube-okada/html/okadakanri/order/mail.php] access : user=kkanda auth=0 sid=ebb2gai5hkasuu5q7lamsigb64 from ::1
2016/06/18 14:49:57 [/eccube-okada/html/okadakanri/order/mail.php] access : user=kkanda auth=0 sid=ebb2gai5hkasuu5q7lamsigb64 from ::1
2016/06/18 14:49:58 [/eccube-okada/html/okadakanri/order/index.php] access : user=kkanda auth=0 sid=ebb2gai5hkasuu5q7lamsigb64 from ::1
2016/06/18 14:50:26 [/eccube-okada/html/okadakanri/order/index.php] access : user=kkanda auth=0 sid=ebb2gai5hkasuu5q7lamsigb64 from ::1
2016/06/18 14:50:28 [/eccube-okada/html/okadakanri/order/index.php] access : user=kkanda auth=0 sid=ebb2gai5hkasuu5q7lamsigb64 from ::1
2016/06/18 14:50:31 [/eccube-okada/html/okadakanri/order/index.php] access : user=kkanda auth=0 sid=ebb2gai5hkasuu5q7lamsigb64 from ::1
2016/06/18 14:50:37 [/eccube-okada/html/okadakanri/order/mail.php] access : user=kkanda auth=0 sid=ebb2gai5hkasuu5q7lamsigb64 from ::1
2016/06/18 14:50:40 [/eccube-okada/html/okadakanri/order/mail.php] access : user=kkanda auth=0 sid=ebb2gai5hkasuu5q7lamsigb64 from ::1
2016/06/18 14:50:42 [/eccube-okada/html/okadakanri/order/mail.php] access : user=kkanda auth=0 sid=ebb2gai5hkasuu5q7lamsigb64 from ::1
2016/06/18 14:50:43 [/eccube-okada/html/okadakanri/order/mail.php] access : user=kkanda auth=0 sid=ebb2gai5hkasuu5q7lamsigb64 from ::1
2016/06/18 14:50:44 [/eccube-okada/html/okadakanri/order/index.php] access : user=kkanda auth=0 sid=ebb2gai5hkasuu5q7lamsigb64 from ::1
2016/06/18 14:51:27 [/eccube-okada/html/okadakanri/order/mail.php] access : user=okada auth=0 sid=90k9f49ornj5i65fqung1c16b0 from ::1
2016/06/18 14:51:29 [/eccube-okada/html/okadakanri/order/mail.php] access : user=okada auth=0 sid=90k9f49ornj5i65fqung1c16b0 from ::1
2016/06/18 14:51:32 [/eccube-okada/html/okadakanri/order/mail.php] access : user=okada auth=0 sid=90k9f49ornj5i65fqung1c16b0 from ::1
2016/06/18 14:51:34 [/eccube-okada/html/okadakanri/order/mail.php] access : user=okada auth=0 sid=90k9f49ornj5i65fqung1c16b0 from ::1
2016/06/18 14:51:34 [/eccube-okada/html/okadakanri/order/index.php] access : user=okada auth=0 sid=90k9f49ornj5i65fqung1c16b0 from ::1
2016/06/18 14:51:37 [/eccube-okada/html/okadakanri/order/index.php] access : user=okada auth=0 sid=90k9f49ornj5i65fqung1c16b0 from ::1
2016/06/18 14:51:41 [/eccube-okada/html/okadakanri/order/index.php] access : user=okada auth=0 sid=90k9f49ornj5i65fqung1c16b0 from ::1
2016/06/18 14:51:50 [/eccube-okada/html/okadakanri/order/index.php] access : user=okada auth=0 sid=90k9f49ornj5i65fqung1c16b0 from ::1
2016/06/18 14:53:57 [/eccube-okada/html/okadakanri/order/index.php] access : user=kkanda auth=0 sid=ebb2gai5hkasuu5q7lamsigb64 from ::1
2016/06/18 14:54:06 [/eccube-okada/html/okadakanri/order/index.php] access : user=kkanda auth=0 sid=ebb2gai5hkasuu5q7lamsigb64 from ::1
2016/06/18 14:54:10 [/eccube-okada/html/okadakanri/order/mail.php] access : user=kkanda auth=0 sid=ebb2gai5hkasuu5q7lamsigb64 from ::1
2016/06/18 14:54:12 [/eccube-okada/html/okadakanri/order/mail.php] access : user=kkanda auth=0 sid=ebb2gai5hkasuu5q7lamsigb64 from ::1
2016/06/18 14:54:14 [/eccube-okada/html/okadakanri/order/mail.php] access : user=kkanda auth=0 sid=ebb2gai5hkasuu5q7lamsigb64 from ::1
2016/06/18 14:54:16 [/eccube-okada/html/okadakanri/order/mail.php] access : user=kkanda auth=0 sid=ebb2gai5hkasuu5q7lamsigb64 from ::1
2016/06/18 14:54:16 [/eccube-okada/html/okadakanri/order/index.php] access : user=kkanda auth=0 sid=ebb2gai5hkasuu5q7lamsigb64 from ::1
2016/06/18 14:55:34 [/eccube-okada/html/okadakanri/order/index.php] access : user=kkanda auth=0 sid=ebb2gai5hkasuu5q7lamsigb64 from ::1
2016/06/18 14:55:36 [/eccube-okada/html/okadakanri/order/mail.php] access : user=kkanda auth=0 sid=ebb2gai5hkasuu5q7lamsigb64 from ::1
2016/06/18 14:55:40 [/eccube-okada/html/okadakanri/order/mail.php] access : user=kkanda auth=0 sid=ebb2gai5hkasuu5q7lamsigb64 from ::1
2016/06/18 14:55:41 [/eccube-okada/html/okadakanri/order/mail.php] access : user=kkanda auth=0 sid=ebb2gai5hkasuu5q7lamsigb64 from ::1
2016/06/18 14:55:43 [/eccube-okada/html/okadakanri/order/mail.php] access : user=kkanda auth=0 sid=ebb2gai5hkasuu5q7lamsigb64 from ::1
2016/06/18 14:55:44 [/eccube-okada/html/okadakanri/order/index.php] access : user=kkanda auth=0 sid=ebb2gai5hkasuu5q7lamsigb64 from ::1
2016/06/18 14:56:22 [/eccube-okada/html/okadakanri/order/index.php] access : user=kkanda auth=0 sid=ebb2gai5hkasuu5q7lamsigb64 from ::1
2016/06/18 14:56:24 [/eccube-okada/html/okadakanri/order/mail.php] access : user=kkanda auth=0 sid=ebb2gai5hkasuu5q7lamsigb64 from ::1
2016/06/18 15:02:46 [/eccube-okada/html/okadakanri/order/mail.php] access : user=kkanda auth=0 sid=ebb2gai5hkasuu5q7lamsigb64 from ::1
2016/06/18 15:02:48 [/eccube-okada/html/okadakanri/order/mail.php] access : user=kkanda auth=0 sid=ebb2gai5hkasuu5q7lamsigb64 from ::1
2016/06/18 15:02:53 [/eccube-okada/html/okadakanri/order/mail.php] access : user=kkanda auth=0 sid=ebb2gai5hkasuu5q7lamsigb64 from ::1
2016/06/18 15:02:54 [/eccube-okada/html/okadakanri/order/index.php] access : user=kkanda auth=0 sid=ebb2gai5hkasuu5q7lamsigb64 from ::1
2016/06/18 15:05:16 [/eccube-okada/html/okadakanri/order/index.php] access : user=kkanda auth=0 sid=ebb2gai5hkasuu5q7lamsigb64 from ::1
2016/06/18 15:05:21 [/eccube-okada/html/okadakanri/order/mail.php] access : user=kkanda auth=0 sid=ebb2gai5hkasuu5q7lamsigb64 from ::1
2016/06/18 15:05:25 [/eccube-okada/html/okadakanri/order/mail.php] access : user=kkanda auth=0 sid=ebb2gai5hkasuu5q7lamsigb64 from ::1
2016/06/18 15:05:27 [/eccube-okada/html/okadakanri/order/mail.php] access : user=kkanda auth=0 sid=ebb2gai5hkasuu5q7lamsigb64 from ::1
2016/06/18 15:05:28 [/eccube-okada/html/okadakanri/order/mail.php] access : user=kkanda auth=0 sid=ebb2gai5hkasuu5q7lamsigb64 from ::1
2016/06/18 15:05:28 [/eccube-okada/html/okadakanri/order/index.php] access : user=kkanda auth=0 sid=ebb2gai5hkasuu5q7lamsigb64 from ::1
2016/06/18 15:20:12 [/eccube-okada/html/okadakanri/basis/mail.php] access : user=okada auth=0 sid=90k9f49ornj5i65fqung1c16b0 from ::1
2016/06/18 15:20:16 [/eccube-okada/html/okadakanri/system/masterdata.php] access : user=okada auth=0 sid=90k9f49ornj5i65fqung1c16b0 from ::1
2016/06/18 15:20:23 [/eccube-okada/html/okadakanri/system/masterdata.php] access : user=okada auth=0 sid=90k9f49ornj5i65fqung1c16b0 from ::1
2016/06/18 15:25:59 [/eccube-okada/html/okadakanri/customer/index.php] access : user=okada auth=0 sid=90k9f49ornj5i65fqung1c16b0 from ::1
2016/06/18 15:26:01 [/eccube-okada/html/okadakanri/customer/index.php] access : user=okada auth=0 sid=90k9f49ornj5i65fqung1c16b0 from ::1
2016/06/18 15:26:08 [/eccube-okada/html/okadakanri/customer/edit.php] access : user=okada auth=0 sid=90k9f49ornj5i65fqung1c16b0 from ::1
2016/06/18 15:30:16 [/eccube-okada/html/okadakanri/order/index.php] access : user=kkanda auth=0 sid=ebb2gai5hkasuu5q7lamsigb64 from ::1
2016/06/18 15:30:19 [/eccube-okada/html/okadakanri/order/mail.php] access : user=kkanda auth=0 sid=ebb2gai5hkasuu5q7lamsigb64 from ::1
2016/06/18 15:30:21 [/eccube-okada/html/okadakanri/order/mail.php] access : user=kkanda auth=0 sid=ebb2gai5hkasuu5q7lamsigb64 from ::1
2016/06/18 15:30:27 [/eccube-okada/html/okadakanri/order/mail.php] access : user=kkanda auth=0 sid=ebb2gai5hkasuu5q7lamsigb64 from ::1
2016/06/18 15:30:30 [/eccube-okada/html/okadakanri/order/mail.php] access : user=kkanda auth=0 sid=ebb2gai5hkasuu5q7lamsigb64 from ::1
2016/06/18 15:30:30 [/eccube-okada/html/okadakanri/order/index.php] access : user=kkanda auth=0 sid=ebb2gai5hkasuu5q7lamsigb64 from ::1
2016/06/18 15:30:48 [/eccube-okada/html/okadakanri/order/index.php] access : user=kkanda auth=0 sid=ebb2gai5hkasuu5q7lamsigb64 from ::1
2016/06/18 15:30:51 [/eccube-okada/html/okadakanri/order/mail.php] access : user=kkanda auth=0 sid=ebb2gai5hkasuu5q7lamsigb64 from ::1
2016/06/18 15:30:51 [/eccube-okada/html/okadakanri/customer/edit.php] access : user=okada auth=0 sid=90k9f49ornj5i65fqung1c16b0 from ::1
2016/06/18 15:30:56 [/eccube-okada/html/okadakanri/order/mail.php] access : user=kkanda auth=0 sid=ebb2gai5hkasuu5q7lamsigb64 from ::1
2016/06/18 15:30:58 [/eccube-okada/html/okadakanri/order/mail.php] access : user=kkanda auth=0 sid=ebb2gai5hkasuu5q7lamsigb64 from ::1
2016/06/18 15:31:00 [/eccube-okada/html/okadakanri/order/mail.php] access : user=kkanda auth=0 sid=ebb2gai5hkasuu5q7lamsigb64 from ::1
2016/06/18 15:31:00 [/eccube-okada/html/okadakanri/order/index.php] access : user=kkanda auth=0 sid=ebb2gai5hkasuu5q7lamsigb64 from ::1
2016/06/18 15:31:10 [/eccube-okada/html/okadakanri/order/index.php] access : user=kkanda auth=0 sid=ebb2gai5hkasuu5q7lamsigb64 from ::1
2016/06/18 15:31:13 [/eccube-okada/html/okadakanri/order/mail.php] access : user=kkanda auth=0 sid=ebb2gai5hkasuu5q7lamsigb64 from ::1
2016/06/18 15:31:30 [/eccube-okada/html/okadakanri/products/index.php] access : user=okada auth=0 sid=90k9f49ornj5i65fqung1c16b0 from ::1
2016/06/18 15:33:12 [/eccube-okada/html/okadakanri/basis/mail.php] access : user=okada auth=0 sid=90k9f49ornj5i65fqung1c16b0 from ::1
2016/06/18 15:34:23 [/eccube-okada/html/okadakanri/order/mail.php] access : user=kkanda auth=0 sid=ebb2gai5hkasuu5q7lamsigb64 from ::1
2016/06/18 15:34:25 [/eccube-okada/html/okadakanri/order/mail.php] access : user=kkanda auth=0 sid=ebb2gai5hkasuu5q7lamsigb64 from ::1
2016/06/18 15:34:27 [/eccube-okada/html/okadakanri/order/mail.php] access : user=kkanda auth=0 sid=ebb2gai5hkasuu5q7lamsigb64 from ::1
2016/06/18 15:34:27 [/eccube-okada/html/okadakanri/order/index.php] access : user=kkanda auth=0 sid=ebb2gai5hkasuu5q7lamsigb64 from ::1
2016/06/18 15:41:15 [/eccube-okada/html/okadakanri/order/index.php] access : user=kkanda auth=0 sid=ebb2gai5hkasuu5q7lamsigb64 from ::1
2016/06/18 15:41:17 [/eccube-okada/html/okadakanri/order/mail.php] access : user=kkanda auth=0 sid=ebb2gai5hkasuu5q7lamsigb64 from ::1
2016/06/18 15:41:20 [/eccube-okada/html/okadakanri/order/mail.php] access : user=kkanda auth=0 sid=ebb2gai5hkasuu5q7lamsigb64 from ::1
2016/06/18 15:41:23 [/eccube-okada/html/okadakanri/order/mail.php] access : user=kkanda auth=0 sid=ebb2gai5hkasuu5q7lamsigb64 from ::1
2016/06/18 15:41:24 [/eccube-okada/html/okadakanri/order/mail.php] access : user=kkanda auth=0 sid=ebb2gai5hkasuu5q7lamsigb64 from ::1
2016/06/18 15:41:25 [/eccube-okada/html/okadakanri/order/index.php] access : user=kkanda auth=0 sid=ebb2gai5hkasuu5q7lamsigb64 from ::1
2016/06/18 15:42:26 [/eccube-okada/html/okadakanri/order/index.php] access : user=kkanda auth=0 sid=ebb2gai5hkasuu5q7lamsigb64 from ::1
2016/06/18 15:42:29 [/eccube-okada/html/okadakanri/order/index.php] access : user=kkanda auth=0 sid=ebb2gai5hkasuu5q7lamsigb64 from ::1
2016/06/18 15:42:31 [/eccube-okada/html/okadakanri/order/mail.php] access : user=kkanda auth=0 sid=ebb2gai5hkasuu5q7lamsigb64 from ::1
2016/06/18 15:42:33 [/eccube-okada/html/okadakanri/order/mail.php] access : user=kkanda auth=0 sid=ebb2gai5hkasuu5q7lamsigb64 from ::1
2016/06/18 15:42:37 [/eccube-okada/html/okadakanri/order/mail.php] access : user=kkanda auth=0 sid=ebb2gai5hkasuu5q7lamsigb64 from ::1
2016/06/18 15:42:40 [/eccube-okada/html/okadakanri/order/mail.php] access : user=kkanda auth=0 sid=ebb2gai5hkasuu5q7lamsigb64 from ::1
2016/06/18 15:42:42 [/eccube-okada/html/okadakanri/order/mail.php] access : user=kkanda auth=0 sid=ebb2gai5hkasuu5q7lamsigb64 from ::1
2016/06/18 15:42:43 [/eccube-okada/html/okadakanri/order/index.php] access : user=kkanda auth=0 sid=ebb2gai5hkasuu5q7lamsigb64 from ::1
2016/06/18 15:49:40 [/eccube-okada/html/okadakanri/order/index.php] access : user=kkanda auth=0 sid=ebb2gai5hkasuu5q7lamsigb64 from ::1
2016/06/18 15:49:43 [/eccube-okada/html/okadakanri/order/index.php] access : user=kkanda auth=0 sid=ebb2gai5hkasuu5q7lamsigb64 from ::1
2016/06/18 15:49:46 [/eccube-okada/html/okadakanri/order/mail.php] access : user=kkanda auth=0 sid=ebb2gai5hkasuu5q7lamsigb64 from ::1
2016/06/18 15:49:51 [/eccube-okada/html/okadakanri/order/mail.php] access : user=kkanda auth=0 sid=ebb2gai5hkasuu5q7lamsigb64 from ::1
2016/06/18 15:49:52 [/eccube-okada/html/okadakanri/order/mail.php] access : user=kkanda auth=0 sid=ebb2gai5hkasuu5q7lamsigb64 from ::1
2016/06/18 15:49:54 [/eccube-okada/html/okadakanri/order/mail.php] access : user=kkanda auth=0 sid=ebb2gai5hkasuu5q7lamsigb64 from ::1
2016/06/18 15:49:54 [/eccube-okada/html/okadakanri/order/index.php] access : user=kkanda auth=0 sid=ebb2gai5hkasuu5q7lamsigb64 from ::1
2016/06/18 15:50:23 [/eccube-okada/html/okadakanri/order/index.php] access : user=kkanda auth=0 sid=ebb2gai5hkasuu5q7lamsigb64 from ::1
2016/06/18 15:50:24 [/eccube-okada/html/okadakanri/order/index.php] access : user=kkanda auth=0 sid=ebb2gai5hkasuu5q7lamsigb64 from ::1
2016/06/18 15:50:26 [/eccube-okada/html/okadakanri/order/mail.php] access : user=kkanda auth=0 sid=ebb2gai5hkasuu5q7lamsigb64 from ::1
2016/06/18 15:50:29 [/eccube-okada/html/okadakanri/order/mail.php] access : user=kkanda auth=0 sid=ebb2gai5hkasuu5q7lamsigb64 from ::1
2016/06/18 15:50:33 [/eccube-okada/html/okadakanri/order/mail.php] access : user=kkanda auth=0 sid=ebb2gai5hkasuu5q7lamsigb64 from ::1
2016/06/18 15:50:35 [/eccube-okada/html/okadakanri/order/mail.php] access : user=kkanda auth=0 sid=ebb2gai5hkasuu5q7lamsigb64 from ::1
2016/06/18 15:50:36 [/eccube-okada/html/okadakanri/order/mail.php] access : user=kkanda auth=0 sid=ebb2gai5hkasuu5q7lamsigb64 from ::1
2016/06/18 15:50:38 [/eccube-okada/html/okadakanri/order/index.php] access : user=kkanda auth=0 sid=ebb2gai5hkasuu5q7lamsigb64 from ::1
2016/06/18 15:55:59 [/eccube-okada/html/okadakanri/order/index.php] access : user=kkanda auth=0 sid=ebb2gai5hkasuu5q7lamsigb64 from ::1
2016/06/18 15:56:02 [/eccube-okada/html/okadakanri/order/mail.php] access : user=kkanda auth=0 sid=ebb2gai5hkasuu5q7lamsigb64 from ::1
2016/06/18 15:56:04 [/eccube-okada/html/okadakanri/order/mail.php] access : user=kkanda auth=0 sid=ebb2gai5hkasuu5q7lamsigb64 from ::1
2016/06/18 15:56:06 [/eccube-okada/html/okadakanri/order/mail.php] access : user=kkanda auth=0 sid=ebb2gai5hkasuu5q7lamsigb64 from ::1
2016/06/18 15:56:09 [/eccube-okada/html/okadakanri/order/mail.php] access : user=kkanda auth=0 sid=ebb2gai5hkasuu5q7lamsigb64 from ::1
2016/06/18 15:56:10 [/eccube-okada/html/okadakanri/order/index.php] access : user=kkanda auth=0 sid=ebb2gai5hkasuu5q7lamsigb64 from ::1
2016/06/18 15:58:58 [/eccube-okada/html/okadakanri/order/index.php] access : user=kkanda auth=0 sid=ebb2gai5hkasuu5q7lamsigb64 from ::1
2016/06/18 15:58:59 [/eccube-okada/html/okadakanri/order/index.php] access : user=kkanda auth=0 sid=ebb2gai5hkasuu5q7lamsigb64 from ::1
2016/06/18 15:59:01 [/eccube-okada/html/okadakanri/order/mail.php] access : user=kkanda auth=0 sid=ebb2gai5hkasuu5q7lamsigb64 from ::1
2016/06/18 15:59:03 [/eccube-okada/html/okadakanri/order/mail.php] access : user=kkanda auth=0 sid=ebb2gai5hkasuu5q7lamsigb64 from ::1
2016/06/18 15:59:05 [/eccube-okada/html/okadakanri/order/mail.php] access : user=kkanda auth=0 sid=ebb2gai5hkasuu5q7lamsigb64 from ::1
2016/06/18 15:59:07 [/eccube-okada/html/okadakanri/order/mail.php] access : user=kkanda auth=0 sid=ebb2gai5hkasuu5q7lamsigb64 from ::1
2016/06/18 15:59:08 [/eccube-okada/html/okadakanri/order/index.php] access : user=kkanda auth=0 sid=ebb2gai5hkasuu5q7lamsigb64 from ::1
2016/06/18 16:00:08 [/eccube-okada/html/okadakanri/basis/index.php] access : user=kkanda auth=0 sid=ebb2gai5hkasuu5q7lamsigb64 from ::1
2016/06/18 16:00:16 [/eccube-okada/html/okadakanri/system/parameter.php] access : user=kkanda auth=0 sid=ebb2gai5hkasuu5q7lamsigb64 from ::1
2016/06/18 16:01:34 [/eccube-okada/html/okadakanri/order/index.php] access : user=okada auth=0 sid=90k9f49ornj5i65fqung1c16b0 from ::1
2016/06/18 16:01:41 [/eccube-okada/html/okadakanri/order/index.php] access : user=okada auth=0 sid=90k9f49ornj5i65fqung1c16b0 from ::1
2016/06/18 16:02:31 [/eccube-okada/html/okadakanri/order/mail.php] access : user=okada auth=0 sid=90k9f49ornj5i65fqung1c16b0 from ::1
2016/06/18 16:02:38 [/eccube-okada/html/okadakanri/order/index.php] access : user=okada auth=0 sid=90k9f49ornj5i65fqung1c16b0 from ::1
2016/06/18 16:02:42 [/eccube-okada/html/okadakanri/order/index.php] access : user=okada auth=0 sid=90k9f49ornj5i65fqung1c16b0 from ::1
2016/06/18 16:03:04 [/eccube-okada/html/okadakanri/order/mail.php] access : user=okada auth=0 sid=90k9f49ornj5i65fqung1c16b0 from ::1
2016/06/18 16:03:16 [/eccube-okada/html/okadakanri/order/index.php] access : user=okada auth=0 sid=90k9f49ornj5i65fqung1c16b0 from ::1
2016/06/18 16:03:21 [/eccube-okada/html/okadakanri/order/index.php] access : user=okada auth=0 sid=90k9f49ornj5i65fqung1c16b0 from ::1
2016/06/18 16:03:38 [/eccube-okada/html/okadakanri/order/edit.php] access : user=okada auth=0 sid=90k9f49ornj5i65fqung1c16b0 from ::1
2016/06/18 16:03:44 [/eccube-okada/html/okadakanri/order/index.php] access : user=okada auth=0 sid=90k9f49ornj5i65fqung1c16b0 from ::1
2016/06/18 16:03:47 [/eccube-okada/html/okadakanri/order/mail.php] access : user=okada auth=0 sid=90k9f49ornj5i65fqung1c16b0 from ::1
2016/06/18 16:04:20 [/eccube-okada/html/okadakanri/order/mail.php] access : user=okada auth=0 sid=90k9f49ornj5i65fqung1c16b0 from ::1
2016/06/18 16:04:26 [/eccube-okada/html/okadakanri/order/mail.php] access : user=okada auth=0 sid=90k9f49ornj5i65fqung1c16b0 from ::1
2016/06/18 16:06:49 [/eccube-okada/html/okadakanri/order/mail.php] access : user=okada auth=0 sid=90k9f49ornj5i65fqung1c16b0 from ::1
2016/06/18 16:21:50 [/eccube-okada/html/okadakanri/order/index.php] access : user=kkanda auth=0 sid=ebb2gai5hkasuu5q7lamsigb64 from ::1
2016/06/18 16:21:53 [/eccube-okada/html/okadakanri/order/index.php] access : user=kkanda auth=0 sid=ebb2gai5hkasuu5q7lamsigb64 from ::1
2016/06/18 16:21:55 [/eccube-okada/html/okadakanri/order/mail.php] access : user=kkanda auth=0 sid=ebb2gai5hkasuu5q7lamsigb64 from ::1
2016/06/18 16:22:00 [/eccube-okada/html/okadakanri/order/mail.php] access : user=kkanda auth=0 sid=ebb2gai5hkasuu5q7lamsigb64 from ::1
2016/06/18 16:22:01 [/eccube-okada/html/okadakanri/order/mail.php] access : user=kkanda auth=0 sid=ebb2gai5hkasuu5q7lamsigb64 from ::1
2016/06/18 16:22:04 [/eccube-okada/html/okadakanri/order/mail.php] access : user=kkanda auth=0 sid=ebb2gai5hkasuu5q7lamsigb64 from ::1
2016/06/18 16:22:07 [/eccube-okada/html/okadakanri/order/mail.php] access : user=kkanda auth=0 sid=ebb2gai5hkasuu5q7lamsigb64 from ::1
2016/06/18 16:22:10 [/eccube-okada/html/okadakanri/order/mail.php] access : user=kkanda auth=0 sid=ebb2gai5hkasuu5q7lamsigb64 from ::1
2016/06/18 16:22:30 [/eccube-okada/html/okadakanri/order/mail.php] access : user=kkanda auth=0 sid=ebb2gai5hkasuu5q7lamsigb64 from ::1
2016/06/18 16:22:43 [/eccube-okada/html/okadakanri/order/mail.php] access : user=kkanda auth=0 sid=ebb2gai5hkasuu5q7lamsigb64 from ::1
2016/06/18 16:22:45 [/eccube-okada/html/okadakanri/order/mail.php] access : user=kkanda auth=0 sid=ebb2gai5hkasuu5q7lamsigb64 from ::1
2016/06/18 16:22:48 [/eccube-okada/html/okadakanri/order/mail.php] access : user=kkanda auth=0 sid=ebb2gai5hkasuu5q7lamsigb64 from ::1
2016/06/18 16:22:51 [/eccube-okada/html/okadakanri/order/mail.php] access : user=kkanda auth=0 sid=ebb2gai5hkasuu5q7lamsigb64 from ::1
2016/06/18 16:22:53 [/eccube-okada/html/okadakanri/order/mail.php] access : user=kkanda auth=0 sid=ebb2gai5hkasuu5q7lamsigb64 from ::1
2016/06/18 16:22:57 [/eccube-okada/html/okadakanri/order/mail.php] access : user=kkanda auth=0 sid=ebb2gai5hkasuu5q7lamsigb64 from ::1
2016/06/18 16:27:53 [/eccube-okada/html/okadakanri/order/mail.php] access : user=kkanda auth=0 sid=ebb2gai5hkasuu5q7lamsigb64 from ::1
2016/06/18 16:27:57 [/eccube-okada/html/okadakanri/home.php] access : user=kkanda auth=0 sid=ebb2gai5hkasuu5q7lamsigb64 from ::1
2016/06/18 16:28:01 [/eccube-okada/html/okadakanri/order/index.php] access : user=kkanda auth=0 sid=ebb2gai5hkasuu5q7lamsigb64 from ::1
2016/06/18 16:28:03 [/eccube-okada/html/okadakanri/order/index.php] access : user=kkanda auth=0 sid=ebb2gai5hkasuu5q7lamsigb64 from ::1
2016/06/18 16:28:06 [/eccube-okada/html/okadakanri/order/index.php] access : user=kkanda auth=0 sid=ebb2gai5hkasuu5q7lamsigb64 from ::1
2016/06/18 16:28:07 [/eccube-okada/html/okadakanri/order/mail.php] access : user=kkanda auth=0 sid=ebb2gai5hkasuu5q7lamsigb64 from ::1
2016/06/18 16:28:09 [/eccube-okada/html/okadakanri/order/mail.php] access : user=kkanda auth=0 sid=ebb2gai5hkasuu5q7lamsigb64 from ::1
2016/06/18 16:28:12 [/eccube-okada/html/okadakanri/order/mail.php] access : user=kkanda auth=0 sid=ebb2gai5hkasuu5q7lamsigb64 from ::1
2016/06/18 16:28:17 [/eccube-okada/html/okadakanri/order/mail.php] access : user=kkanda auth=0 sid=ebb2gai5hkasuu5q7lamsigb64 from ::1
2016/06/18 16:28:31 [/eccube-okada/html/okadakanri/order/status.php] access : user=kkanda auth=0 sid=ebb2gai5hkasuu5q7lamsigb64 from ::1
2016/06/18 16:28:39 [/eccube-okada/html/okadakanri/order/disp.php] access : user=kkanda auth=0 sid=ebb2gai5hkasuu5q7lamsigb64 from ::1
2016/06/18 16:42:44 [/eccube-okada/html/okadakanri/order/mail.php] access : user=okada auth=0 sid=90k9f49ornj5i65fqung1c16b0 from ::1
2016/06/18 16:55:09 [/eccube-okada/html/okadakanri/index.php] access : user=okada auth=0 sid=h7qe84jdbh52t9qkag4838nja7 from ::1
2016/06/18 16:55:09 [/eccube-okada/html/okadakanri/index.php] login: user=okada(2) auth=0 lastlogin=2016-06-18 13:52:58 sid=h7qe84jdbh52t9qkag4838nja7 from ::1
2016/06/18 16:55:09 [/eccube-okada/html/okadakanri/home.php] access : user=okada auth=0 sid=h7qe84jdbh52t9qkag4838nja7 from ::1
2016/06/18 16:55:15 [/eccube-okada/html/okadakanri/basis/mail.php] access : user=okada auth=0 sid=h7qe84jdbh52t9qkag4838nja7 from ::1
2016/06/18 16:55:20 [/eccube-okada/html/okadakanri/order/index.php] access : user=kkanda auth=0 sid=ebb2gai5hkasuu5q7lamsigb64 from ::1
2016/06/18 16:55:21 [/eccube-okada/html/okadakanri/order/index.php] access : user=kkanda auth=0 sid=ebb2gai5hkasuu5q7lamsigb64 from ::1
2016/06/18 16:55:23 [/eccube-okada/html/okadakanri/order/mail.php] access : user=kkanda auth=0 sid=ebb2gai5hkasuu5q7lamsigb64 from ::1
2016/06/18 16:55:24 [/eccube-okada/html/okadakanri/basis/mail.php] access : user=okada auth=0 sid=h7qe84jdbh52t9qkag4838nja7 from ::1
2016/06/18 16:55:30 [/eccube-okada/html/okadakanri/index.php] access : user=kkanda auth=0 sid=tj2jj5gccrmm0vdscb1shgb3h7 from ::1
2016/06/18 16:55:30 [/eccube-okada/html/okadakanri/index.php] login: user=kkanda(3) auth=0 lastlogin=2016-06-18 14:21:53 sid=tj2jj5gccrmm0vdscb1shgb3h7 from ::1
2016/06/18 16:55:31 [/eccube-okada/html/okadakanri/home.php] access : user=kkanda auth=0 sid=tj2jj5gccrmm0vdscb1shgb3h7 from ::1
2016/06/18 16:55:36 [/eccube-okada/html/okadakanri/order/index.php] access : user=okada auth=0 sid=h7qe84jdbh52t9qkag4838nja7 from ::1
2016/06/18 16:55:38 [/eccube-okada/html/okadakanri/order/index.php] access : user=okada auth=0 sid=h7qe84jdbh52t9qkag4838nja7 from ::1
2016/06/18 16:55:40 [/eccube-okada/html/okadakanri/order/mail.php] access : user=okada auth=0 sid=h7qe84jdbh52t9qkag4838nja7 from ::1
2016/06/18 16:55:40 [/eccube-okada/html/okadakanri/order/index.php] access : user=kkanda auth=0 sid=tj2jj5gccrmm0vdscb1shgb3h7 from ::1
2016/06/18 16:55:42 [/eccube-okada/html/okadakanri/order/index.php] access : user=kkanda auth=0 sid=tj2jj5gccrmm0vdscb1shgb3h7 from ::1
2016/06/18 16:55:45 [/eccube-okada/html/okadakanri/order/mail.php] access : user=kkanda auth=0 sid=tj2jj5gccrmm0vdscb1shgb3h7 from ::1
2016/06/18 16:58:50 [/eccube-okada/html/okadakanri/order/mail.php] access : user=okada auth=0 sid=h7qe84jdbh52t9qkag4838nja7 from ::1
2016/06/18 17:01:18 [/eccube-okada/html/okadakanri/order/mail.php] access : user=okada auth=0 sid=h7qe84jdbh52t9qkag4838nja7 from ::1
2016/06/18 17:04:06 [/eccube-okada/html/okadakanri/order/mail.php] access : user=okada auth=0 sid=h7qe84jdbh52t9qkag4838nja7 from ::1
2016/06/18 17:04:12 [/eccube-okada/html/okadakanri/order/index.php] access : user=okada auth=0 sid=h7qe84jdbh52t9qkag4838nja7 from ::1
2016/06/18 17:04:16 [/eccube-okada/html/okadakanri/order/index.php] access : user=okada auth=0 sid=h7qe84jdbh52t9qkag4838nja7 from ::1
2016/06/18 17:04:19 [/eccube-okada/html/okadakanri/order/index.php] access : user=okada auth=0 sid=h7qe84jdbh52t9qkag4838nja7 from ::1
2016/06/18 17:04:21 [/eccube-okada/html/okadakanri/order/mail.php] access : user=okada auth=0 sid=h7qe84jdbh52t9qkag4838nja7 from ::1
2016/06/18 17:04:41 [/eccube-okada/html/okadakanri/index.php] access : user=okada auth=0 sid=esj9vrigp6driu6234vlef6ql7 from ::1
2016/06/18 17:04:41 [/eccube-okada/html/okadakanri/index.php] login: user=okada(2) auth=0 lastlogin=2016-06-18 16:55:09 sid=esj9vrigp6driu6234vlef6ql7 from ::1
2016/06/18 17:04:41 [/eccube-okada/html/okadakanri/home.php] access : user=okada auth=0 sid=esj9vrigp6driu6234vlef6ql7 from ::1
2016/06/18 17:04:45 [/eccube-okada/html/okadakanri/home.php] access : user=okada auth=0 sid=esj9vrigp6driu6234vlef6ql7 from ::1
2016/06/18 17:05:09 [/eccube-okada/html/okadakanri/home.php] access error. from ::1
2016/06/18 17:05:14 [/eccube-okada/html/okadakanri/index.php] access error. from ::1
2016/06/18 17:05:14 [/eccube-okada/html/okadakanri/index.php] login: user=okada(2) auth=0 lastlogin=2016-06-18 17:04:41 sid= from ::1
2016/06/18 17:05:14 [/eccube-okada/html/okadakanri/home.php] access : user=okada auth=0 sid=44s1rk2673f3dsbamae2lal1i3 from ::1
2016/06/18 17:05:17 [/eccube-okada/html/okadakanri/order/index.php] access : user=okada auth=0 sid=44s1rk2673f3dsbamae2lal1i3 from ::1
2016/06/18 17:05:18 [/eccube-okada/html/okadakanri/order/index.php] access : user=okada auth=0 sid=44s1rk2673f3dsbamae2lal1i3 from ::1
2016/06/18 17:05:20 [/eccube-okada/html/okadakanri/order/mail.php] access : user=okada auth=0 sid=44s1rk2673f3dsbamae2lal1i3 from ::1
2016/06/18 17:11:01 [/eccube-okada/html/okadakanri/index.php] access : user=okada auth=0 sid=hkaaefldu184sfk8spa6h31be5 from ::1
2016/06/18 17:11:01 [/eccube-okada/html/okadakanri/index.php] login: user=okada(2) auth=0 lastlogin=2016-06-18 17:05:14 sid=hkaaefldu184sfk8spa6h31be5 from ::1
2016/06/18 17:11:01 [/eccube-okada/html/okadakanri/home.php] access : user=okada auth=0 sid=hkaaefldu184sfk8spa6h31be5 from ::1
2016/06/18 17:11:04 [/eccube-okada/html/okadakanri/order/index.php] access : user=okada auth=0 sid=hkaaefldu184sfk8spa6h31be5 from ::1
2016/06/18 17:11:06 [/eccube-okada/html/okadakanri/order/index.php] access : user=okada auth=0 sid=hkaaefldu184sfk8spa6h31be5 from ::1
2016/06/18 17:11:08 [/eccube-okada/html/okadakanri/order/mail.php] access : user=okada auth=0 sid=hkaaefldu184sfk8spa6h31be5 from ::1
2016/06/18 17:14:06 [/eccube-okada/html/okadakanri/index.php] access : user=okada auth=0 sid=mljgiqra98due9mg0fb3rc8h31 from ::1
2016/06/18 17:14:06 [/eccube-okada/html/okadakanri/index.php] login: user=okada(2) auth=0 lastlogin=2016-06-18 17:11:01 sid=mljgiqra98due9mg0fb3rc8h31 from ::1
2016/06/18 17:14:06 [/eccube-okada/html/okadakanri/home.php] access : user=okada auth=0 sid=mljgiqra98due9mg0fb3rc8h31 from ::1
2016/06/18 17:14:09 [/eccube-okada/html/okadakanri/order/index.php] access : user=okada auth=0 sid=mljgiqra98due9mg0fb3rc8h31 from ::1
2016/06/18 17:14:10 [/eccube-okada/html/okadakanri/order/index.php] access : user=okada auth=0 sid=mljgiqra98due9mg0fb3rc8h31 from ::1
2016/06/18 17:14:12 [/eccube-okada/html/okadakanri/order/mail.php] access : user=okada auth=0 sid=mljgiqra98due9mg0fb3rc8h31 from ::1
2016/06/18 17:15:11 [/eccube-okada/html/okadakanri/order/mail.php] access : user=okada auth=0 sid=mljgiqra98due9mg0fb3rc8h31 from ::1
2016/06/18 17:15:20 [/eccube-okada/html/okadakanri/index.php] access : user=okada auth=0 sid=n7jeeimqvsub3lhhpooaks1b33 from ::1
2016/06/18 17:15:20 [/eccube-okada/html/okadakanri/index.php] login: user=okada(2) auth=0 lastlogin=2016-06-18 17:14:06 sid=n7jeeimqvsub3lhhpooaks1b33 from ::1
2016/06/18 17:15:20 [/eccube-okada/html/okadakanri/home.php] access : user=okada auth=0 sid=n7jeeimqvsub3lhhpooaks1b33 from ::1
2016/06/18 17:15:22 [/eccube-okada/html/okadakanri/order/index.php] access : user=okada auth=0 sid=n7jeeimqvsub3lhhpooaks1b33 from ::1
2016/06/18 17:15:24 [/eccube-okada/html/okadakanri/order/index.php] access : user=okada auth=0 sid=n7jeeimqvsub3lhhpooaks1b33 from ::1
2016/06/18 17:15:26 [/eccube-okada/html/okadakanri/order/mail.php] access : user=okada auth=0 sid=n7jeeimqvsub3lhhpooaks1b33 from ::1
2016/06/18 17:16:40 [/eccube-okada/html/okadakanri/index.php] access : user=okada auth=0 sid=oepnlarj8tle8j8is6la05idi1 from ::1
2016/06/18 17:16:40 [/eccube-okada/html/okadakanri/index.php] login: user=okada(2) auth=0 lastlogin=2016-06-18 17:15:20 sid=oepnlarj8tle8j8is6la05idi1 from ::1
2016/06/18 17:16:40 [/eccube-okada/html/okadakanri/home.php] access : user=okada auth=0 sid=oepnlarj8tle8j8is6la05idi1 from ::1
2016/06/18 17:16:42 [/eccube-okada/html/okadakanri/order/index.php] access : user=okada auth=0 sid=oepnlarj8tle8j8is6la05idi1 from ::1
2016/06/18 17:16:44 [/eccube-okada/html/okadakanri/order/index.php] access : user=okada auth=0 sid=oepnlarj8tle8j8is6la05idi1 from ::1
2016/06/18 17:16:46 [/eccube-okada/html/okadakanri/order/mail.php] access : user=okada auth=0 sid=oepnlarj8tle8j8is6la05idi1 from ::1
2016/06/18 17:17:01 [/eccube-okada/html/okadakanri/order/mail.php] access : user=okada auth=0 sid=oepnlarj8tle8j8is6la05idi1 from ::1
2016/06/18 17:17:06 [/eccube-okada/html/okadakanri/order/index.php] access : user=okada auth=0 sid=oepnlarj8tle8j8is6la05idi1 from ::1
2016/06/18 17:17:07 [/eccube-okada/html/okadakanri/order/index.php] access : user=okada auth=0 sid=oepnlarj8tle8j8is6la05idi1 from ::1
2016/06/18 17:17:10 [/eccube-okada/html/okadakanri/order/mail.php] access : user=okada auth=0 sid=oepnlarj8tle8j8is6la05idi1 from ::1
2016/06/18 17:23:54 [/eccube-okada/html/okadakanri/index.php] access : user=kkanda auth=0 sid=mgt7v1h94mkksf844facpbpc55 from ::1
2016/06/18 17:23:54 [/eccube-okada/html/okadakanri/index.php] login: user=kkanda(3) auth=0 lastlogin=2016-06-18 16:55:30 sid=mgt7v1h94mkksf844facpbpc55 from ::1
2016/06/18 17:23:54 [/eccube-okada/html/okadakanri/home.php] access : user=kkanda auth=0 sid=mgt7v1h94mkksf844facpbpc55 from ::1
2016/06/18 17:23:57 [/eccube-okada/html/okadakanri/order/index.php] access : user=kkanda auth=0 sid=mgt7v1h94mkksf844facpbpc55 from ::1
2016/06/18 17:23:59 [/eccube-okada/html/okadakanri/order/mail.php] access : user=okada auth=0 sid=oepnlarj8tle8j8is6la05idi1 from ::1
2016/06/18 17:24:00 [/eccube-okada/html/okadakanri/order/index.php] access : user=kkanda auth=0 sid=mgt7v1h94mkksf844facpbpc55 from ::1
2016/06/18 17:24:02 [/eccube-okada/html/okadakanri/order/index.php] access : user=kkanda auth=0 sid=mgt7v1h94mkksf844facpbpc55 from ::1
2016/06/18 17:24:04 [/eccube-okada/html/okadakanri/index.php] access : user=okada auth=0 sid=raghl4kgvhjl78tfet2f4at190 from ::1
2016/06/18 17:24:04 [/eccube-okada/html/okadakanri/index.php] login: user=okada(2) auth=0 lastlogin=2016-06-18 17:16:40 sid=raghl4kgvhjl78tfet2f4at190 from ::1
2016/06/18 17:24:04 [/eccube-okada/html/okadakanri/home.php] access : user=okada auth=0 sid=raghl4kgvhjl78tfet2f4at190 from ::1
2016/06/18 17:24:06 [/eccube-okada/html/okadakanri/order/mail.php] access : user=kkanda auth=0 sid=mgt7v1h94mkksf844facpbpc55 from ::1
2016/06/18 17:24:07 [/eccube-okada/html/okadakanri/order/index.php] access : user=okada auth=0 sid=raghl4kgvhjl78tfet2f4at190 from ::1
2016/06/18 17:24:13 [/eccube-okada/html/okadakanri/order/index.php] access : user=okada auth=0 sid=raghl4kgvhjl78tfet2f4at190 from ::1
2016/06/18 17:24:15 [/eccube-okada/html/okadakanri/order/mail.php] access : user=okada auth=0 sid=raghl4kgvhjl78tfet2f4at190 from ::1
2016/06/18 17:24:58 [/eccube-okada/html/okadakanri/index.php] access : user=kkanda auth=0 sid=9moio7993df0b7u0ck0q7m0jf7 from ::1
2016/06/18 17:24:58 [/eccube-okada/html/okadakanri/index.php] login: user=kkanda(3) auth=0 lastlogin=2016-06-18 17:23:54 sid=9moio7993df0b7u0ck0q7m0jf7 from ::1
2016/06/18 17:24:58 [/eccube-okada/html/okadakanri/home.php] access : user=kkanda auth=0 sid=9moio7993df0b7u0ck0q7m0jf7 from ::1
2016/06/18 17:25:01 [/eccube-okada/html/okadakanri/order/index.php] access : user=kkanda auth=0 sid=9moio7993df0b7u0ck0q7m0jf7 from ::1
2016/06/18 17:25:03 [/eccube-okada/html/okadakanri/order/index.php] access : user=kkanda auth=0 sid=9moio7993df0b7u0ck0q7m0jf7 from ::1
2016/06/18 17:25:05 [/eccube-okada/html/okadakanri/order/mail.php] access : user=kkanda auth=0 sid=9moio7993df0b7u0ck0q7m0jf7 from ::1
2016/06/18 17:25:25 [/eccube-okada/html/okadakanri/index.php] access : user=kkanda auth=0 sid=anc17r4hadss3clcikc81pdcq3 from ::1
2016/06/18 17:25:25 [/eccube-okada/html/okadakanri/index.php] login: user=kkanda(3) auth=0 lastlogin=2016-06-18 17:24:58 sid=anc17r4hadss3clcikc81pdcq3 from ::1
2016/06/18 17:25:25 [/eccube-okada/html/okadakanri/home.php] access : user=kkanda auth=0 sid=anc17r4hadss3clcikc81pdcq3 from ::1
2016/06/18 17:25:31 [/eccube-okada/html/okadakanri/order/index.php] access : user=kkanda auth=0 sid=anc17r4hadss3clcikc81pdcq3 from ::1
2016/06/18 17:25:32 [/eccube-okada/html/okadakanri/order/index.php] access : user=kkanda auth=0 sid=anc17r4hadss3clcikc81pdcq3 from ::1
2016/06/18 17:25:34 [/eccube-okada/html/okadakanri/order/mail.php] access : user=kkanda auth=0 sid=anc17r4hadss3clcikc81pdcq3 from ::1
2016/06/18 17:25:53 [/eccube-okada/html/okadakanri/order/index.php] access : user=kkanda auth=0 sid=anc17r4hadss3clcikc81pdcq3 from ::1
2016/06/18 17:25:55 [/eccube-okada/html/okadakanri/order/index.php] access : user=kkanda auth=0 sid=anc17r4hadss3clcikc81pdcq3 from ::1
2016/06/18 17:25:56 [/eccube-okada/html/okadakanri/order/mail.php] access : user=kkanda auth=0 sid=anc17r4hadss3clcikc81pdcq3 from ::1
2016/06/18 17:26:43 [/eccube-okada/html/okadakanri/order/mail.php] access : user=kkanda auth=0 sid=anc17r4hadss3clcikc81pdcq3 from ::1
2016/06/18 17:26:50 [/eccube-okada/html/okadakanri/index.php] kkanda password incorrect. from ::1
2016/06/18 17:26:58 [/eccube-okada/html/okadakanri/index.php] access : user=kkanda auth=0 sid=vrl2mrvjk1em9i6jsm6a7hs0i6 from ::1
2016/06/18 17:26:58 [/eccube-okada/html/okadakanri/index.php] login: user=kkanda(3) auth=0 lastlogin=2016-06-18 17:25:25 sid=vrl2mrvjk1em9i6jsm6a7hs0i6 from ::1
2016/06/18 17:26:58 [/eccube-okada/html/okadakanri/home.php] access : user=kkanda auth=0 sid=vrl2mrvjk1em9i6jsm6a7hs0i6 from ::1
2016/06/18 17:27:01 [/eccube-okada/html/okadakanri/order/index.php] access : user=kkanda auth=0 sid=vrl2mrvjk1em9i6jsm6a7hs0i6 from ::1
2016/06/18 17:27:02 [/eccube-okada/html/okadakanri/order/index.php] access : user=kkanda auth=0 sid=vrl2mrvjk1em9i6jsm6a7hs0i6 from ::1
2016/06/18 17:27:04 [/eccube-okada/html/okadakanri/order/mail.php] access : user=kkanda auth=0 sid=vrl2mrvjk1em9i6jsm6a7hs0i6 from ::1
2016/06/18 17:27:28 [/eccube-okada/html/okadakanri/order/mail.php] access : user=kkanda auth=0 sid=vrl2mrvjk1em9i6jsm6a7hs0i6 from ::1
2016/06/18 17:27:34 [/eccube-okada/html/okadakanri/index.php] access : user=kkanda auth=0 sid=dj78d6n40fls74hhnr5p6hine7 from ::1
2016/06/18 17:27:34 [/eccube-okada/html/okadakanri/index.php] login: user=kkanda(3) auth=0 lastlogin=2016-06-18 17:26:58 sid=dj78d6n40fls74hhnr5p6hine7 from ::1
2016/06/18 17:27:35 [/eccube-okada/html/okadakanri/home.php] access : user=kkanda auth=0 sid=dj78d6n40fls74hhnr5p6hine7 from ::1
2016/06/18 17:27:37 [/eccube-okada/html/okadakanri/order/index.php] access : user=kkanda auth=0 sid=dj78d6n40fls74hhnr5p6hine7 from ::1
2016/06/18 17:27:39 [/eccube-okada/html/okadakanri/order/index.php] access : user=kkanda auth=0 sid=dj78d6n40fls74hhnr5p6hine7 from ::1
2016/06/18 17:27:40 [/eccube-okada/html/okadakanri/order/mail.php] access : user=kkanda auth=0 sid=dj78d6n40fls74hhnr5p6hine7 from ::1
2016/06/18 17:27:59 [/eccube-okada/html/okadakanri/index.php] access : user=kkanda auth=0 sid=di9968rhr0c5kihosc7m11l3c0 from ::1
2016/06/18 17:27:59 [/eccube-okada/html/okadakanri/index.php] login: user=kkanda(3) auth=0 lastlogin=2016-06-18 17:27:34 sid=di9968rhr0c5kihosc7m11l3c0 from ::1
2016/06/18 17:27:59 [/eccube-okada/html/okadakanri/home.php] access : user=kkanda auth=0 sid=di9968rhr0c5kihosc7m11l3c0 from ::1
2016/06/18 17:28:01 [/eccube-okada/html/okadakanri/order/index.php] access : user=kkanda auth=0 sid=di9968rhr0c5kihosc7m11l3c0 from ::1
2016/06/18 17:28:02 [/eccube-okada/html/okadakanri/order/index.php] access : user=kkanda auth=0 sid=di9968rhr0c5kihosc7m11l3c0 from ::1
2016/06/18 17:28:04 [/eccube-okada/html/okadakanri/order/mail.php] access : user=kkanda auth=0 sid=di9968rhr0c5kihosc7m11l3c0 from ::1
2016/06/18 17:28:40 [/eccube-okada/html/okadakanri/index.php] access : user=kkanda auth=0 sid=0qu5kqr65i3pcuv6bqr6veno86 from ::1
2016/06/18 17:28:40 [/eccube-okada/html/okadakanri/index.php] login: user=kkanda(3) auth=0 lastlogin=2016-06-18 17:27:59 sid=0qu5kqr65i3pcuv6bqr6veno86 from ::1
2016/06/18 17:28:40 [/eccube-okada/html/okadakanri/home.php] access : user=kkanda auth=0 sid=0qu5kqr65i3pcuv6bqr6veno86 from ::1
2016/06/18 17:28:44 [/eccube-okada/html/okadakanri/order/index.php] access : user=kkanda auth=0 sid=0qu5kqr65i3pcuv6bqr6veno86 from ::1
2016/06/18 17:28:46 [/eccube-okada/html/okadakanri/order/index.php] access : user=kkanda auth=0 sid=0qu5kqr65i3pcuv6bqr6veno86 from ::1
2016/06/18 17:28:47 [/eccube-okada/html/okadakanri/order/mail.php] access : user=kkanda auth=0 sid=0qu5kqr65i3pcuv6bqr6veno86 from ::1
2016/06/18 17:29:44 [/eccube-okada/html/okadakanri/order/mail.php] access : user=kkanda auth=0 sid=0qu5kqr65i3pcuv6bqr6veno86 from ::1
2016/06/18 17:30:21 [/eccube-okada/html/okadakanri/index.php] kkanda password incorrect. from ::1
2016/06/18 17:30:26 [/eccube-okada/html/okadakanri/index.php] access : user=kkanda auth=0 sid=djij1mkqla3j04c777hjbb4ha5 from ::1
2016/06/18 17:30:26 [/eccube-okada/html/okadakanri/index.php] login: user=kkanda(3) auth=0 lastlogin=2016-06-18 17:28:40 sid=djij1mkqla3j04c777hjbb4ha5 from ::1
2016/06/18 17:30:26 [/eccube-okada/html/okadakanri/home.php] access : user=kkanda auth=0 sid=djij1mkqla3j04c777hjbb4ha5 from ::1
2016/06/18 17:30:29 [/eccube-okada/html/okadakanri/order/index.php] access : user=kkanda auth=0 sid=djij1mkqla3j04c777hjbb4ha5 from ::1
2016/06/18 17:30:30 [/eccube-okada/html/okadakanri/order/index.php] access : user=kkanda auth=0 sid=djij1mkqla3j04c777hjbb4ha5 from ::1
2016/06/18 17:30:32 [/eccube-okada/html/okadakanri/order/index.php] access : user=kkanda auth=0 sid=djij1mkqla3j04c777hjbb4ha5 from ::1
2016/06/18 17:30:34 [/eccube-okada/html/okadakanri/order/mail.php] access : user=kkanda auth=0 sid=djij1mkqla3j04c777hjbb4ha5 from ::1
2016/06/18 17:31:25 [/eccube-okada/html/okadakanri/index.php] access : user=kkanda auth=0 sid=nesqv1uj4h215l6bkv26br79e5 from ::1
2016/06/18 17:31:25 [/eccube-okada/html/okadakanri/index.php] login: user=kkanda(3) auth=0 lastlogin=2016-06-18 17:30:26 sid=nesqv1uj4h215l6bkv26br79e5 from ::1
2016/06/18 17:31:25 [/eccube-okada/html/okadakanri/home.php] access : user=kkanda auth=0 sid=nesqv1uj4h215l6bkv26br79e5 from ::1
2016/06/18 17:31:28 [/eccube-okada/html/okadakanri/order/index.php] access : user=kkanda auth=0 sid=nesqv1uj4h215l6bkv26br79e5 from ::1
2016/06/18 17:31:29 [/eccube-okada/html/okadakanri/order/index.php] access : user=kkanda auth=0 sid=nesqv1uj4h215l6bkv26br79e5 from ::1
2016/06/18 17:31:31 [/eccube-okada/html/okadakanri/order/mail.php] access : user=kkanda auth=0 sid=nesqv1uj4h215l6bkv26br79e5 from ::1
2016/06/18 17:31:52 [/eccube-okada/html/okadakanri/index.php] access : user=kkanda auth=0 sid=arlhp8jf5trtojj7eoih75nok7 from ::1
2016/06/18 17:31:52 [/eccube-okada/html/okadakanri/index.php] login: user=kkanda(3) auth=0 lastlogin=2016-06-18 17:31:25 sid=arlhp8jf5trtojj7eoih75nok7 from ::1
2016/06/18 17:31:52 [/eccube-okada/html/okadakanri/home.php] access : user=kkanda auth=0 sid=arlhp8jf5trtojj7eoih75nok7 from ::1
2016/06/18 17:31:55 [/eccube-okada/html/okadakanri/order/index.php] access : user=kkanda auth=0 sid=arlhp8jf5trtojj7eoih75nok7 from ::1
2016/06/18 17:31:56 [/eccube-okada/html/okadakanri/order/index.php] access : user=kkanda auth=0 sid=arlhp8jf5trtojj7eoih75nok7 from ::1
2016/06/18 17:31:58 [/eccube-okada/html/okadakanri/order/mail.php] access : user=kkanda auth=0 sid=arlhp8jf5trtojj7eoih75nok7 from ::1
2016/06/18 18:37:10 [/eccube-okada/html/okadakanri/index.php] access error. from ::1
2016/06/18 18:37:10 [/eccube-okada/html/okadakanri/index.php] login: user=okada(2) auth=0 lastlogin=2016-06-18 17:24:04 sid= from ::1
2016/06/18 18:37:10 [/eccube-okada/html/okadakanri/home.php] access : user=okada auth=0 sid=56sqiogphgod0k13bl8ohi5fq4 from ::1
2016/06/18 18:37:13 [/eccube-okada/html/okadakanri/order/index.php] access : user=okada auth=0 sid=56sqiogphgod0k13bl8ohi5fq4 from ::1
2016/06/18 18:37:14 [/eccube-okada/html/okadakanri/order/index.php] access : user=okada auth=0 sid=56sqiogphgod0k13bl8ohi5fq4 from ::1
2016/06/18 18:37:16 [/eccube-okada/html/okadakanri/order/mail.php] access : user=okada auth=0 sid=56sqiogphgod0k13bl8ohi5fq4 from ::1
2016/06/18 18:41:01 [/eccube-okada/html/okadakanri/order/mail.php] access : user=okada auth=0 sid=56sqiogphgod0k13bl8ohi5fq4 from ::1
2016/06/18 18:41:10 [/eccube-okada/html/okadakanri/order/mail.php] access : user=okada auth=0 sid=56sqiogphgod0k13bl8ohi5fq4 from ::1
2016/06/18 18:41:36 [/eccube-okada/html/okadakanri/order/mail.php] access : user=okada auth=0 sid=56sqiogphgod0k13bl8ohi5fq4 from ::1
2016/06/18 18:41:52 [/eccube-okada/html/okadakanri/order/mail.php] access : user=okada auth=0 sid=56sqiogphgod0k13bl8ohi5fq4 from ::1
2016/06/18 18:41:53 [/eccube-okada/html/okadakanri/order/index.php] access : user=okada auth=0 sid=56sqiogphgod0k13bl8ohi5fq4 from ::1
2016/06/18 18:42:08 [/eccube-okada/html/okadakanri/order/index.php] access : user=okada auth=0 sid=56sqiogphgod0k13bl8ohi5fq4 from ::1
2016/06/18 18:46:50 [/eccube-okada/html/okadakanri/index.php] access error. from ::1
2016/06/18 18:46:50 [/eccube-okada/html/okadakanri/index.php] login: user=kkanda(3) auth=0 lastlogin=2016-06-18 17:31:52 sid= from ::1
2016/06/18 18:46:50 [/eccube-okada/html/okadakanri/home.php] access : user=kkanda auth=0 sid=s6dggr3e00drn26aukvunjc777 from ::1
2016/06/18 18:46:55 [/eccube-okada/html/okadakanri/order/index.php] access : user=kkanda auth=0 sid=s6dggr3e00drn26aukvunjc777 from ::1
2016/06/18 18:46:57 [/eccube-okada/html/okadakanri/order/index.php] access : user=kkanda auth=0 sid=s6dggr3e00drn26aukvunjc777 from ::1
2016/06/18 18:47:00 [/eccube-okada/html/okadakanri/order/mail.php] access : user=kkanda auth=0 sid=s6dggr3e00drn26aukvunjc777 from ::1
2016/06/18 18:47:04 [/eccube-okada/html/okadakanri/order/mail.php] access : user=kkanda auth=0 sid=s6dggr3e00drn26aukvunjc777 from ::1
2016/06/18 18:47:44 [/eccube-okada/html/okadakanri/order/mail.php] access : user=kkanda auth=0 sid=s6dggr3e00drn26aukvunjc777 from ::1
2016/06/18 18:47:46 [/eccube-okada/html/okadakanri/order/mail.php] access : user=kkanda auth=0 sid=s6dggr3e00drn26aukvunjc777 from ::1
2016/06/18 18:47:48 [/eccube-okada/html/okadakanri/order/index.php] access : user=kkanda auth=0 sid=s6dggr3e00drn26aukvunjc777 from ::1
2016/06/18 19:51:30 [/eccube-okada/html/okadakanri/mail/template.php] access : user=okada auth=0 sid=56sqiogphgod0k13bl8ohi5fq4 from ::1
2016/06/18 19:51:34 [/eccube-okada/html/okadakanri/mail/template_input.php] access : user=okada auth=0 sid=56sqiogphgod0k13bl8ohi5fq4 from ::1
2016/06/18 20:36:12 [/eccube-okada/html/okadakanri/index.php] access error. from ::1
2016/06/18 20:36:12 [/eccube-okada/html/okadakanri/index.php] login: user=okada(2) auth=0 lastlogin=2016-06-18 18:37:10 sid= from ::1
2016/06/18 20:36:13 [/eccube-okada/html/okadakanri/home.php] access : user=okada auth=0 sid=mvvbdnv6blf0fbfr6i544emnm0 from ::1
2016/06/18 21:03:43 [/eccube-okada/html/okadakanri/order/index.php] access : user=okada auth=0 sid=mvvbdnv6blf0fbfr6i544emnm0 from ::1
2016/06/18 21:03:45 [/eccube-okada/html/okadakanri/order/index.php] access : user=okada auth=0 sid=mvvbdnv6blf0fbfr6i544emnm0 from ::1
2016/06/19 15:21:35 [/eccube-okada/html/okadakanri/index.php] access error. from 103.5.140.168
2016/06/19 15:21:35 [/eccube-okada/html/okadakanri/index.php] login: user=kkanda(3) auth=0 lastlogin=2016-06-18 18:46:50 sid= from 103.5.140.168
2016/06/19 15:21:46 [/eccube-okada/html/okadakanri/index.php] access : user=kkanda auth=0 sid=07s669ol0g4mtup3rf9a08c8o5 from 103.5.140.168
2016/06/19 15:21:46 [/eccube-okada/html/okadakanri/index.php] login: user=kkanda(3) auth=0 lastlogin=2016-06-19 15:21:35 sid=07s669ol0g4mtup3rf9a08c8o5 from 103.5.140.168
2016/06/19 15:24:35 [/eccube-okada/html/okadakanri/index.php] access error. from ::1
2016/06/19 15:24:35 [/eccube-okada/html/okadakanri/index.php] login: user=kkanda(3) auth=0 lastlogin=2016-06-19 15:21:46 sid= from ::1
2016/06/19 15:24:35 [/eccube-okada/html/okadakanri/home.php] access : user=kkanda auth=0 sid=cjb77jm7c0aauuiji74n79r4f2 from ::1
2016/06/19 15:24:43 [/eccube-okada/html/okadakanri/system/index.php] access : user=kkanda auth=0 sid=cjb77jm7c0aauuiji74n79r4f2 from ::1
2016/06/19 15:24:46 [/eccube-okada/html/okadakanri/system/input.php] access : user=kkanda auth=0 sid=cjb77jm7c0aauuiji74n79r4f2 from ::1
2016/06/19 15:25:39 [/eccube-okada/html/okadakanri/system/input.php] access : user=kkanda auth=0 sid=cjb77jm7c0aauuiji74n79r4f2 from ::1
2016/06/19 15:25:39 [/eccube-okada/html/okadakanri/system/index.php] access : user=kkanda auth=0 sid=cjb77jm7c0aauuiji74n79r4f2 from ::1
2016/06/19 15:25:45 [/eccube-okada/html/okadakanri/system/input.php] access : user=kkanda auth=0 sid=cjb77jm7c0aauuiji74n79r4f2 from ::1
2016/06/19 15:26:03 [/eccube-okada/html/okadakanri/system/input.php] access : user=kkanda auth=0 sid=cjb77jm7c0aauuiji74n79r4f2 from ::1
2016/06/19 15:26:39 [/eccube-okada/html/okadakanri/system/input.php] access : user=kkanda auth=0 sid=cjb77jm7c0aauuiji74n79r4f2 from ::1
2016/06/19 15:26:39 [/eccube-okada/html/okadakanri/system/index.php] access : user=kkanda auth=0 sid=cjb77jm7c0aauuiji74n79r4f2 from ::1
2016/06/19 15:26:48 [/eccube-okada/html/okadakanri/system/input.php] access : user=kkanda auth=0 sid=cjb77jm7c0aauuiji74n79r4f2 from ::1
2016/06/19 15:27:00 [/eccube-okada/html/okadakanri/system/input.php] access : user=kkanda auth=0 sid=cjb77jm7c0aauuiji74n79r4f2 from ::1
2016/06/19 15:27:00 [/eccube-okada/html/okadakanri/system/index.php] access : user=kkanda auth=0 sid=cjb77jm7c0aauuiji74n79r4f2 from ::1
2016/06/19 15:27:12 [/eccube-okada/html/okadakanri/system/input.php] access : user=kkanda auth=0 sid=cjb77jm7c0aauuiji74n79r4f2 from ::1
2016/06/19 15:27:19 [/eccube-okada/html/okadakanri/system/input.php] access : user=kkanda auth=0 sid=cjb77jm7c0aauuiji74n79r4f2 from ::1
2016/06/19 15:27:28 [/eccube-okada/html/okadakanri/system/input.php] access : user=kkanda auth=0 sid=cjb77jm7c0aauuiji74n79r4f2 from ::1
2016/06/19 15:27:28 [/eccube-okada/html/okadakanri/system/index.php] access : user=kkanda auth=0 sid=cjb77jm7c0aauuiji74n79r4f2 from ::1
2016/06/19 15:27:35 [/eccube-okada/html/okadakanri/system/input.php] access : user=kkanda auth=0 sid=cjb77jm7c0aauuiji74n79r4f2 from ::1
2016/06/19 15:28:05 [/eccube-okada/html/okadakanri/system/input.php] access : user=kkanda auth=0 sid=cjb77jm7c0aauuiji74n79r4f2 from ::1
2016/06/19 15:28:16 [/eccube-okada/html/okadakanri/system/input.php] access : user=kkanda auth=0 sid=cjb77jm7c0aauuiji74n79r4f2 from ::1
2016/06/19 15:28:26 [/eccube-okada/html/okadakanri/system/input.php] access : user=kkanda auth=0 sid=cjb77jm7c0aauuiji74n79r4f2 from ::1
2016/06/19 15:28:26 [/eccube-okada/html/okadakanri/system/index.php] access : user=kkanda auth=0 sid=cjb77jm7c0aauuiji74n79r4f2 from ::1
2016/06/19 15:28:53 [/eccube-okada/html/okadakanri/index.php] access : user=kkanda auth=0 sid=sm65s42aqebmtbg3evg1p9l5k7 from 103.5.140.168
2016/06/19 15:28:53 [/eccube-okada/html/okadakanri/index.php] login: user=kkanda(3) auth=0 lastlogin=2016-06-19 15:24:35 sid=sm65s42aqebmtbg3evg1p9l5k7 from 103.5.140.168
2016/06/19 15:29:08 [/eccube-okada/html/okadakanri/system/input.php] access : user=kkanda auth=0 sid=cjb77jm7c0aauuiji74n79r4f2 from ::1
2016/06/19 15:29:17 [/eccube-okada/html/okadakanri/system/input.php] access : user=kkanda auth=0 sid=cjb77jm7c0aauuiji74n79r4f2 from ::1
2016/06/19 15:29:17 [/eccube-okada/html/okadakanri/system/index.php] access : user=kkanda auth=0 sid=cjb77jm7c0aauuiji74n79r4f2 from ::1
2016/06/19 15:29:19 [/eccube-okada/html/okadakanri/system/input.php] access : user=kkanda auth=0 sid=cjb77jm7c0aauuiji74n79r4f2 from ::1
2016/06/19 15:29:28 [/eccube-okada/html/okadakanri/system/input.php] access : user=kkanda auth=0 sid=cjb77jm7c0aauuiji74n79r4f2 from ::1
2016/06/19 15:29:29 [/eccube-okada/html/okadakanri/system/index.php] access : user=kkanda auth=0 sid=cjb77jm7c0aauuiji74n79r4f2 from ::1
2016/06/19 15:29:40 [/eccube-okada/html/okadakanri/system/input.php] access : user=kkanda auth=0 sid=cjb77jm7c0aauuiji74n79r4f2 from ::1
2016/06/19 15:30:02 [/eccube-okada/html/okadakanri/system/input.php] access : user=kkanda auth=0 sid=cjb77jm7c0aauuiji74n79r4f2 from ::1
2016/06/19 15:30:02 [/eccube-okada/html/okadakanri/system/index.php] access : user=kkanda auth=0 sid=cjb77jm7c0aauuiji74n79r4f2 from ::1
2016/06/19 15:30:12 [/eccube-okada/html/okadakanri/system/input.php] access : user=kkanda auth=0 sid=cjb77jm7c0aauuiji74n79r4f2 from ::1
2016/06/19 15:30:24 [/eccube-okada/html/okadakanri/system/input.php] access : user=kkanda auth=0 sid=cjb77jm7c0aauuiji74n79r4f2 from ::1
2016/06/19 15:30:24 [/eccube-okada/html/okadakanri/system/index.php] access : user=kkanda auth=0 sid=cjb77jm7c0aauuiji74n79r4f2 from ::1
2016/06/19 15:43:00 [/eccube-okada/html/okadakanri/system/rank.php] access : user=kkanda auth=0 sid=cjb77jm7c0aauuiji74n79r4f2 from ::1
2016/06/19 15:43:00 [/eccube-okada/html/okadakanri/system/index.php] access : user=kkanda auth=0 sid=cjb77jm7c0aauuiji74n79r4f2 from ::1
2016/06/19 15:43:02 [/eccube-okada/html/okadakanri/system/rank.php] access : user=kkanda auth=0 sid=cjb77jm7c0aauuiji74n79r4f2 from ::1
2016/06/19 15:43:02 [/eccube-okada/html/okadakanri/system/index.php] access : user=kkanda auth=0 sid=cjb77jm7c0aauuiji74n79r4f2 from ::1
2016/06/19 15:43:04 [/eccube-okada/html/okadakanri/system/rank.php] access : user=kkanda auth=0 sid=cjb77jm7c0aauuiji74n79r4f2 from ::1
2016/06/19 15:43:04 [/eccube-okada/html/okadakanri/system/index.php] access : user=kkanda auth=0 sid=cjb77jm7c0aauuiji74n79r4f2 from ::1
2016/06/19 15:43:08 [/eccube-okada/html/okadakanri/system/rank.php] access : user=kkanda auth=0 sid=cjb77jm7c0aauuiji74n79r4f2 from ::1
2016/06/19 15:43:08 [/eccube-okada/html/okadakanri/system/index.php] access : user=kkanda auth=0 sid=cjb77jm7c0aauuiji74n79r4f2 from ::1
